<?xml version="1.0" encoding="UTF-8"?>
<testsuite xmlns:xsi="http://www.w3.org/2001/XMLSchema-instance" xsi:noNamespaceSchemaLocation="https://maven.apache.org/surefire/maven-surefire-plugin/xsd/surefire-test-report.xsd" version="3.0.1" name="TestSuite" time="87.556" tests="3" errors="0" skipped="2" failures="1">
  <properties>
    <property name="java.specification.version" value="23"/>
    <property name="sun.cpu.isalist" value="amd64"/>
    <property name="sun.jnu.encoding" value="Cp1252"/>
    <property name="java.class.path" value="C:\Users\satya\eclipse-workspace\OrangeHRM-Hybrid-TestNG\target\test-classes;C:\Users\satya\eclipse-workspace\OrangeHRM-Hybrid-TestNG\target\classes;C:\Users\satya\.m2\repository\org\seleniumhq\selenium\selenium-java\4.11.0\selenium-java-4.11.0.jar;C:\Users\satya\.m2\repository\org\seleniumhq\selenium\selenium-api\4.11.0\selenium-api-4.11.0.jar;C:\Users\satya\.m2\repository\org\seleniumhq\selenium\selenium-chrome-driver\4.11.0\selenium-chrome-driver-4.11.0.jar;C:\Users\satya\.m2\repository\com\google\auto\service\auto-service-annotations\1.0.1\auto-service-annotations-1.0.1.jar;C:\Users\satya\.m2\repository\com\google\guava\guava\31.1-jre\guava-31.1-jre.jar;C:\Users\satya\.m2\repository\com\google\guava\failureaccess\1.0.1\failureaccess-1.0.1.jar;C:\Users\satya\.m2\repository\com\google\guava\listenablefuture\9999.0-empty-to-avoid-conflict-with-guava\listenablefuture-9999.0-empty-to-avoid-conflict-with-guava.jar;C:\Users\satya\.m2\repository\com\google\code\findbugs\jsr305\3.0.2\jsr305-3.0.2.jar;C:\Users\satya\.m2\repository\org\checkerframework\checker-qual\3.12.0\checker-qual-3.12.0.jar;C:\Users\satya\.m2\repository\com\google\errorprone\error_prone_annotations\2.11.0\error_prone_annotations-2.11.0.jar;C:\Users\satya\.m2\repository\com\google\j2objc\j2objc-annotations\1.3\j2objc-annotations-1.3.jar;C:\Users\satya\.m2\repository\org\seleniumhq\selenium\selenium-chromium-driver\4.11.0\selenium-chromium-driver-4.11.0.jar;C:\Users\satya\.m2\repository\org\seleniumhq\selenium\selenium-json\4.11.0\selenium-json-4.11.0.jar;C:\Users\satya\.m2\repository\org\seleniumhq\selenium\selenium-manager\4.11.0\selenium-manager-4.11.0.jar;C:\Users\satya\.m2\repository\org\seleniumhq\selenium\selenium-devtools-v113\4.11.0\selenium-devtools-v113-4.11.0.jar;C:\Users\satya\.m2\repository\org\seleniumhq\selenium\selenium-devtools-v114\4.11.0\selenium-devtools-v114-4.11.0.jar;C:\Users\satya\.m2\repository\org\seleniumhq\selenium\selenium-devtools-v115\4.11.0\selenium-devtools-v115-4.11.0.jar;C:\Users\satya\.m2\repository\org\seleniumhq\selenium\selenium-devtools-v85\4.11.0\selenium-devtools-v85-4.11.0.jar;C:\Users\satya\.m2\repository\org\seleniumhq\selenium\selenium-edge-driver\4.11.0\selenium-edge-driver-4.11.0.jar;C:\Users\satya\.m2\repository\org\seleniumhq\selenium\selenium-firefox-driver\4.11.0\selenium-firefox-driver-4.11.0.jar;C:\Users\satya\.m2\repository\org\seleniumhq\selenium\selenium-http\4.11.0\selenium-http-4.11.0.jar;C:\Users\satya\.m2\repository\dev\failsafe\failsafe\3.3.1\failsafe-3.3.1.jar;C:\Users\satya\.m2\repository\org\seleniumhq\selenium\selenium-ie-driver\4.11.0\selenium-ie-driver-4.11.0.jar;C:\Users\satya\.m2\repository\org\seleniumhq\selenium\selenium-remote-driver\4.11.0\selenium-remote-driver-4.11.0.jar;C:\Users\satya\.m2\repository\io\netty\netty-buffer\4.1.92.Final\netty-buffer-4.1.92.Final.jar;C:\Users\satya\.m2\repository\io\netty\netty-codec-http\4.1.92.Final\netty-codec-http-4.1.92.Final.jar;C:\Users\satya\.m2\repository\io\netty\netty-codec\4.1.92.Final\netty-codec-4.1.92.Final.jar;C:\Users\satya\.m2\repository\io\netty\netty-handler\4.1.92.Final\netty-handler-4.1.92.Final.jar;C:\Users\satya\.m2\repository\io\netty\netty-common\4.1.92.Final\netty-common-4.1.92.Final.jar;C:\Users\satya\.m2\repository\io\netty\netty-transport-classes-epoll\4.1.92.Final\netty-transport-classes-epoll-4.1.92.Final.jar;C:\Users\satya\.m2\repository\io\netty\netty-transport-classes-kqueue\4.1.92.Final\netty-transport-classes-kqueue-4.1.92.Final.jar;C:\Users\satya\.m2\repository\io\netty\netty-transport-native-epoll\4.1.92.Final\netty-transport-native-epoll-4.1.92.Final.jar;C:\Users\satya\.m2\repository\io\netty\netty-transport-native-kqueue\4.1.92.Final\netty-transport-native-kqueue-4.1.92.Final.jar;C:\Users\satya\.m2\repository\io\netty\netty-transport-native-unix-common\4.1.92.Final\netty-transport-native-unix-common-4.1.92.Final.jar;C:\Users\satya\.m2\repository\io\netty\netty-transport\4.1.92.Final\netty-transport-4.1.92.Final.jar;C:\Users\satya\.m2\repository\io\netty\netty-resolver\4.1.92.Final\netty-resolver-4.1.92.Final.jar;C:\Users\satya\.m2\repository\io\opentelemetry\opentelemetry-api\1.26.0\opentelemetry-api-1.26.0.jar;C:\Users\satya\.m2\repository\io\opentelemetry\opentelemetry-context\1.26.0\opentelemetry-context-1.26.0.jar;C:\Users\satya\.m2\repository\io\opentelemetry\opentelemetry-exporter-logging\1.26.0\opentelemetry-exporter-logging-1.26.0.jar;C:\Users\satya\.m2\repository\io\opentelemetry\opentelemetry-sdk-metrics\1.26.0\opentelemetry-sdk-metrics-1.26.0.jar;C:\Users\satya\.m2\repository\io\opentelemetry\opentelemetry-extension-incubator\1.26.0-alpha\opentelemetry-extension-incubator-1.26.0-alpha.jar;C:\Users\satya\.m2\repository\io\opentelemetry\opentelemetry-sdk-logs\1.26.0-alpha\opentelemetry-sdk-logs-1.26.0-alpha.jar;C:\Users\satya\.m2\repository\io\opentelemetry\opentelemetry-api-logs\1.26.0-alpha\opentelemetry-api-logs-1.26.0-alpha.jar;C:\Users\satya\.m2\repository\io\opentelemetry\opentelemetry-api-events\1.26.0-alpha\opentelemetry-api-events-1.26.0-alpha.jar;C:\Users\satya\.m2\repository\io\opentelemetry\opentelemetry-sdk-common\1.26.0\opentelemetry-sdk-common-1.26.0.jar;C:\Users\satya\.m2\repository\io\opentelemetry\opentelemetry-sdk-extension-autoconfigure-spi\1.26.0\opentelemetry-sdk-extension-autoconfigure-spi-1.26.0.jar;C:\Users\satya\.m2\repository\io\opentelemetry\opentelemetry-sdk-extension-autoconfigure\1.26.0-alpha\opentelemetry-sdk-extension-autoconfigure-1.26.0-alpha.jar;C:\Users\satya\.m2\repository\io\opentelemetry\opentelemetry-sdk-trace\1.26.0\opentelemetry-sdk-trace-1.26.0.jar;C:\Users\satya\.m2\repository\io\opentelemetry\opentelemetry-sdk\1.26.0\opentelemetry-sdk-1.26.0.jar;C:\Users\satya\.m2\repository\io\opentelemetry\opentelemetry-semconv\1.26.0-alpha\opentelemetry-semconv-1.26.0-alpha.jar;C:\Users\satya\.m2\repository\net\bytebuddy\byte-buddy\1.14.4\byte-buddy-1.14.4.jar;C:\Users\satya\.m2\repository\org\apache\commons\commons-exec\1.3\commons-exec-1.3.jar;C:\Users\satya\.m2\repository\org\asynchttpclient\async-http-client\2.12.3\async-http-client-2.12.3.jar;C:\Users\satya\.m2\repository\org\asynchttpclient\async-http-client-netty-utils\2.12.3\async-http-client-netty-utils-2.12.3.jar;C:\Users\satya\.m2\repository\io\netty\netty-codec-socks\4.1.60.Final\netty-codec-socks-4.1.60.Final.jar;C:\Users\satya\.m2\repository\io\netty\netty-handler-proxy\4.1.60.Final\netty-handler-proxy-4.1.60.Final.jar;C:\Users\satya\.m2\repository\io\netty\netty-transport-native-epoll\4.1.60.Final\netty-transport-native-epoll-4.1.60.Final-linux-x86_64.jar;C:\Users\satya\.m2\repository\io\netty\netty-transport-native-kqueue\4.1.60.Final\netty-transport-native-kqueue-4.1.60.Final-osx-x86_64.jar;C:\Users\satya\.m2\repository\com\typesafe\netty\netty-reactive-streams\2.0.4\netty-reactive-streams-2.0.4.jar;C:\Users\satya\.m2\repository\com\sun\activation\jakarta.activation\1.2.2\jakarta.activation-1.2.2.jar;C:\Users\satya\.m2\repository\org\seleniumhq\selenium\selenium-safari-driver\4.11.0\selenium-safari-driver-4.11.0.jar;C:\Users\satya\.m2\repository\org\seleniumhq\selenium\selenium-support\4.11.0\selenium-support-4.11.0.jar;C:\Users\satya\.m2\repository\org\testng\testng\7.9.0\testng-7.9.0.jar;C:\Users\satya\.m2\repository\org\slf4j\slf4j-api\1.7.36\slf4j-api-1.7.36.jar;C:\Users\satya\.m2\repository\com\beust\jcommander\1.82\jcommander-1.82.jar;C:\Users\satya\.m2\repository\org\webjars\jquery\3.7.1\jquery-3.7.1.jar;C:\Users\satya\.m2\repository\io\github\bonigarcia\webdrivermanager\5.5.3\webdrivermanager-5.5.3.jar;C:\Users\satya\.m2\repository\com\google\code\gson\gson\2.10.1\gson-2.10.1.jar;C:\Users\satya\.m2\repository\com\github\docker-java\docker-java\3.3.3\docker-java-3.3.3.jar;C:\Users\satya\.m2\repository\com\github\docker-java\docker-java-core\3.3.3\docker-java-core-3.3.3.jar;C:\Users\satya\.m2\repository\com\github\docker-java\docker-java-api\3.3.3\docker-java-api-3.3.3.jar;C:\Users\satya\.m2\repository\org\bouncycastle\bcpkix-jdk18on\1.75\bcpkix-jdk18on-1.75.jar;C:\Users\satya\.m2\repository\org\bouncycastle\bcprov-jdk18on\1.75\bcprov-jdk18on-1.75.jar;C:\Users\satya\.m2\repository\org\bouncycastle\bcutil-jdk18on\1.75\bcutil-jdk18on-1.75.jar;C:\Users\satya\.m2\repository\org\slf4j\jcl-over-slf4j\1.7.30\jcl-over-slf4j-1.7.30.jar;C:\Users\satya\.m2\repository\com\github\docker-java\docker-java-transport-httpclient5\3.3.3\docker-java-transport-httpclient5-3.3.3.jar;C:\Users\satya\.m2\repository\com\github\docker-java\docker-java-transport\3.3.3\docker-java-transport-3.3.3.jar;C:\Users\satya\.m2\repository\net\java\dev\jna\jna\5.12.1\jna-5.12.1.jar;C:\Users\satya\.m2\repository\org\brotli\dec\0.1.2\dec-0.1.2.jar;C:\Users\satya\.m2\repository\org\apache\commons\commons-lang3\3.13.0\commons-lang3-3.13.0.jar;C:\Users\satya\.m2\repository\org\apache\httpcomponents\client5\httpclient5\5.2.1\httpclient5-5.2.1.jar;C:\Users\satya\.m2\repository\org\apache\httpcomponents\core5\httpcore5\5.2\httpcore5-5.2.jar;C:\Users\satya\.m2\repository\org\apache\httpcomponents\core5\httpcore5-h2\5.2\httpcore5-h2-5.2.jar;C:\Users\satya\.m2\repository\com\fasterxml\jackson\core\jackson-databind\2.15.2\jackson-databind-2.15.2.jar;C:\Users\satya\.m2\repository\com\fasterxml\jackson\core\jackson-annotations\2.15.2\jackson-annotations-2.15.2.jar;C:\Users\satya\.m2\repository\com\fasterxml\jackson\core\jackson-core\2.15.2\jackson-core-2.15.2.jar;C:\Users\satya\.m2\repository\com\aventstack\extentreports\5.1.1\extentreports-5.1.1.jar;C:\Users\satya\.m2\repository\io\reactivex\rxjava3\rxjava\3.1.6\rxjava-3.1.6.jar;C:\Users\satya\.m2\repository\org\reactivestreams\reactive-streams\1.0.4\reactive-streams-1.0.4.jar;C:\Users\satya\.m2\repository\org\freemarker\freemarker\2.3.32\freemarker-2.3.32.jar;C:\Users\satya\.m2\repository\org\projectlombok\lombok\1.18.26\lombok-1.18.26.jar;C:\Users\satya\.m2\repository\io\cucumber\cucumber-java\7.20.1\cucumber-java-7.20.1.jar;C:\Users\satya\.m2\repository\io\cucumber\cucumber-core\7.20.1\cucumber-core-7.20.1.jar;C:\Users\satya\.m2\repository\io\cucumber\cucumber-gherkin\7.20.1\cucumber-gherkin-7.20.1.jar;C:\Users\satya\.m2\repository\io\cucumber\cucumber-gherkin-messages\7.20.1\cucumber-gherkin-messages-7.20.1.jar;C:\Users\satya\.m2\repository\io\cucumber\gherkin\28.0.0\gherkin-28.0.0.jar;C:\Users\satya\.m2\repository\io\cucumber\messages\24.1.0\messages-24.1.0.jar;C:\Users\satya\.m2\repository\io\cucumber\testng-xml-formatter\0.2.0\testng-xml-formatter-0.2.0.jar;C:\Users\satya\.m2\repository\io\cucumber\query\12.2.0\query-12.2.0.jar;C:\Users\satya\.m2\repository\io\cucumber\tag-expressions\6.1.0\tag-expressions-6.1.0.jar;C:\Users\satya\.m2\repository\io\cucumber\cucumber-expressions\17.1.0\cucumber-expressions-17.1.0.jar;C:\Users\satya\.m2\repository\io\cucumber\datatable\7.20.1\datatable-7.20.1.jar;C:\Users\satya\.m2\repository\io\cucumber\cucumber-plugin\7.20.1\cucumber-plugin-7.20.1.jar;C:\Users\satya\.m2\repository\io\cucumber\docstring\7.20.1\docstring-7.20.1.jar;C:\Users\satya\.m2\repository\io\cucumber\html-formatter\21.7.0\html-formatter-21.7.0.jar;C:\Users\satya\.m2\repository\io\cucumber\junit-xml-formatter\0.5.0\junit-xml-formatter-0.5.0.jar;C:\Users\satya\.m2\repository\io\cucumber\ci-environment\10.0.1\ci-environment-10.0.1.jar;C:\Users\satya\.m2\repository\org\apiguardian\apiguardian-api\1.1.2\apiguardian-api-1.1.2.jar;C:\Users\satya\.m2\repository\junit\junit\4.13.2\junit-4.13.2.jar;C:\Users\satya\.m2\repository\org\hamcrest\hamcrest-core\1.3\hamcrest-core-1.3.jar;C:\Users\satya\.m2\repository\io\cucumber\cucumber-junit\7.20.1\cucumber-junit-7.20.1.jar;C:\Users\satya\.m2\repository\org\apache\poi\poi-ooxml\5.2.5\poi-ooxml-5.2.5.jar;C:\Users\satya\.m2\repository\org\apache\poi\poi-ooxml-lite\5.2.5\poi-ooxml-lite-5.2.5.jar;C:\Users\satya\.m2\repository\org\apache\xmlbeans\xmlbeans\5.2.0\xmlbeans-5.2.0.jar;C:\Users\satya\.m2\repository\org\apache\commons\commons-compress\1.25.0\commons-compress-1.25.0.jar;C:\Users\satya\.m2\repository\commons-io\commons-io\2.15.0\commons-io-2.15.0.jar;C:\Users\satya\.m2\repository\com\github\virtuald\curvesapi\1.08\curvesapi-1.08.jar;C:\Users\satya\.m2\repository\org\apache\logging\log4j\log4j-api\2.21.1\log4j-api-2.21.1.jar;C:\Users\satya\.m2\repository\org\apache\commons\commons-collections4\4.4\commons-collections4-4.4.jar;C:\Users\satya\.m2\repository\org\apache\poi\poi\5.2.5\poi-5.2.5.jar;C:\Users\satya\.m2\repository\commons-codec\commons-codec\1.16.0\commons-codec-1.16.0.jar;C:\Users\satya\.m2\repository\org\apache\commons\commons-math3\3.6.1\commons-math3-3.6.1.jar;C:\Users\satya\.m2\repository\com\zaxxer\SparseBitSet\1.3\SparseBitSet-1.3.jar;"/>
    <property name="java.vm.vendor" value="Oracle Corporation"/>
    <property name="sun.arch.data.model" value="64"/>
    <property name="user.variant" value=""/>
    <property name="java.vendor.url" value="https://java.oracle.com/"/>
    <property name="user.timezone" value="Asia/Calcutta"/>
    <property name="suiteXmlFile" value="test-output/testng-failed.xml"/>
    <property name="os.name" value="Windows 11"/>
    <property name="java.vm.specification.version" value="23"/>
    <property name="sun.java.launcher" value="SUN_STANDARD"/>
    <property name="user.country" value="IN"/>
    <property name="sun.boot.library.path" value="C:\Program Files\Java\jdk-23\bin"/>
    <property name="sun.java.command" value="C:\Users\satya\AppData\Local\Temp\surefire561751242878145116\surefirebooter-20250510011926571_3.jar C:\Users\satya\AppData\Local\Temp\surefire561751242878145116 2025-05-10T01-19-26_211-jvmRun1 surefire-20250510011926571_1tmp surefire_0-20250510011926571_2tmp"/>
    <property name="jdk.debug" value="release"/>
    <property name="surefire.test.class.path" value="C:\Users\satya\eclipse-workspace\OrangeHRM-Hybrid-TestNG\target\test-classes;C:\Users\satya\eclipse-workspace\OrangeHRM-Hybrid-TestNG\target\classes;C:\Users\satya\.m2\repository\org\seleniumhq\selenium\selenium-java\4.11.0\selenium-java-4.11.0.jar;C:\Users\satya\.m2\repository\org\seleniumhq\selenium\selenium-api\4.11.0\selenium-api-4.11.0.jar;C:\Users\satya\.m2\repository\org\seleniumhq\selenium\selenium-chrome-driver\4.11.0\selenium-chrome-driver-4.11.0.jar;C:\Users\satya\.m2\repository\com\google\auto\service\auto-service-annotations\1.0.1\auto-service-annotations-1.0.1.jar;C:\Users\satya\.m2\repository\com\google\guava\guava\31.1-jre\guava-31.1-jre.jar;C:\Users\satya\.m2\repository\com\google\guava\failureaccess\1.0.1\failureaccess-1.0.1.jar;C:\Users\satya\.m2\repository\com\google\guava\listenablefuture\9999.0-empty-to-avoid-conflict-with-guava\listenablefuture-9999.0-empty-to-avoid-conflict-with-guava.jar;C:\Users\satya\.m2\repository\com\google\code\findbugs\jsr305\3.0.2\jsr305-3.0.2.jar;C:\Users\satya\.m2\repository\org\checkerframework\checker-qual\3.12.0\checker-qual-3.12.0.jar;C:\Users\satya\.m2\repository\com\google\errorprone\error_prone_annotations\2.11.0\error_prone_annotations-2.11.0.jar;C:\Users\satya\.m2\repository\com\google\j2objc\j2objc-annotations\1.3\j2objc-annotations-1.3.jar;C:\Users\satya\.m2\repository\org\seleniumhq\selenium\selenium-chromium-driver\4.11.0\selenium-chromium-driver-4.11.0.jar;C:\Users\satya\.m2\repository\org\seleniumhq\selenium\selenium-json\4.11.0\selenium-json-4.11.0.jar;C:\Users\satya\.m2\repository\org\seleniumhq\selenium\selenium-manager\4.11.0\selenium-manager-4.11.0.jar;C:\Users\satya\.m2\repository\org\seleniumhq\selenium\selenium-devtools-v113\4.11.0\selenium-devtools-v113-4.11.0.jar;C:\Users\satya\.m2\repository\org\seleniumhq\selenium\selenium-devtools-v114\4.11.0\selenium-devtools-v114-4.11.0.jar;C:\Users\satya\.m2\repository\org\seleniumhq\selenium\selenium-devtools-v115\4.11.0\selenium-devtools-v115-4.11.0.jar;C:\Users\satya\.m2\repository\org\seleniumhq\selenium\selenium-devtools-v85\4.11.0\selenium-devtools-v85-4.11.0.jar;C:\Users\satya\.m2\repository\org\seleniumhq\selenium\selenium-edge-driver\4.11.0\selenium-edge-driver-4.11.0.jar;C:\Users\satya\.m2\repository\org\seleniumhq\selenium\selenium-firefox-driver\4.11.0\selenium-firefox-driver-4.11.0.jar;C:\Users\satya\.m2\repository\org\seleniumhq\selenium\selenium-http\4.11.0\selenium-http-4.11.0.jar;C:\Users\satya\.m2\repository\dev\failsafe\failsafe\3.3.1\failsafe-3.3.1.jar;C:\Users\satya\.m2\repository\org\seleniumhq\selenium\selenium-ie-driver\4.11.0\selenium-ie-driver-4.11.0.jar;C:\Users\satya\.m2\repository\org\seleniumhq\selenium\selenium-remote-driver\4.11.0\selenium-remote-driver-4.11.0.jar;C:\Users\satya\.m2\repository\io\netty\netty-buffer\4.1.92.Final\netty-buffer-4.1.92.Final.jar;C:\Users\satya\.m2\repository\io\netty\netty-codec-http\4.1.92.Final\netty-codec-http-4.1.92.Final.jar;C:\Users\satya\.m2\repository\io\netty\netty-codec\4.1.92.Final\netty-codec-4.1.92.Final.jar;C:\Users\satya\.m2\repository\io\netty\netty-handler\4.1.92.Final\netty-handler-4.1.92.Final.jar;C:\Users\satya\.m2\repository\io\netty\netty-common\4.1.92.Final\netty-common-4.1.92.Final.jar;C:\Users\satya\.m2\repository\io\netty\netty-transport-classes-epoll\4.1.92.Final\netty-transport-classes-epoll-4.1.92.Final.jar;C:\Users\satya\.m2\repository\io\netty\netty-transport-classes-kqueue\4.1.92.Final\netty-transport-classes-kqueue-4.1.92.Final.jar;C:\Users\satya\.m2\repository\io\netty\netty-transport-native-epoll\4.1.92.Final\netty-transport-native-epoll-4.1.92.Final.jar;C:\Users\satya\.m2\repository\io\netty\netty-transport-native-kqueue\4.1.92.Final\netty-transport-native-kqueue-4.1.92.Final.jar;C:\Users\satya\.m2\repository\io\netty\netty-transport-native-unix-common\4.1.92.Final\netty-transport-native-unix-common-4.1.92.Final.jar;C:\Users\satya\.m2\repository\io\netty\netty-transport\4.1.92.Final\netty-transport-4.1.92.Final.jar;C:\Users\satya\.m2\repository\io\netty\netty-resolver\4.1.92.Final\netty-resolver-4.1.92.Final.jar;C:\Users\satya\.m2\repository\io\opentelemetry\opentelemetry-api\1.26.0\opentelemetry-api-1.26.0.jar;C:\Users\satya\.m2\repository\io\opentelemetry\opentelemetry-context\1.26.0\opentelemetry-context-1.26.0.jar;C:\Users\satya\.m2\repository\io\opentelemetry\opentelemetry-exporter-logging\1.26.0\opentelemetry-exporter-logging-1.26.0.jar;C:\Users\satya\.m2\repository\io\opentelemetry\opentelemetry-sdk-metrics\1.26.0\opentelemetry-sdk-metrics-1.26.0.jar;C:\Users\satya\.m2\repository\io\opentelemetry\opentelemetry-extension-incubator\1.26.0-alpha\opentelemetry-extension-incubator-1.26.0-alpha.jar;C:\Users\satya\.m2\repository\io\opentelemetry\opentelemetry-sdk-logs\1.26.0-alpha\opentelemetry-sdk-logs-1.26.0-alpha.jar;C:\Users\satya\.m2\repository\io\opentelemetry\opentelemetry-api-logs\1.26.0-alpha\opentelemetry-api-logs-1.26.0-alpha.jar;C:\Users\satya\.m2\repository\io\opentelemetry\opentelemetry-api-events\1.26.0-alpha\opentelemetry-api-events-1.26.0-alpha.jar;C:\Users\satya\.m2\repository\io\opentelemetry\opentelemetry-sdk-common\1.26.0\opentelemetry-sdk-common-1.26.0.jar;C:\Users\satya\.m2\repository\io\opentelemetry\opentelemetry-sdk-extension-autoconfigure-spi\1.26.0\opentelemetry-sdk-extension-autoconfigure-spi-1.26.0.jar;C:\Users\satya\.m2\repository\io\opentelemetry\opentelemetry-sdk-extension-autoconfigure\1.26.0-alpha\opentelemetry-sdk-extension-autoconfigure-1.26.0-alpha.jar;C:\Users\satya\.m2\repository\io\opentelemetry\opentelemetry-sdk-trace\1.26.0\opentelemetry-sdk-trace-1.26.0.jar;C:\Users\satya\.m2\repository\io\opentelemetry\opentelemetry-sdk\1.26.0\opentelemetry-sdk-1.26.0.jar;C:\Users\satya\.m2\repository\io\opentelemetry\opentelemetry-semconv\1.26.0-alpha\opentelemetry-semconv-1.26.0-alpha.jar;C:\Users\satya\.m2\repository\net\bytebuddy\byte-buddy\1.14.4\byte-buddy-1.14.4.jar;C:\Users\satya\.m2\repository\org\apache\commons\commons-exec\1.3\commons-exec-1.3.jar;C:\Users\satya\.m2\repository\org\asynchttpclient\async-http-client\2.12.3\async-http-client-2.12.3.jar;C:\Users\satya\.m2\repository\org\asynchttpclient\async-http-client-netty-utils\2.12.3\async-http-client-netty-utils-2.12.3.jar;C:\Users\satya\.m2\repository\io\netty\netty-codec-socks\4.1.60.Final\netty-codec-socks-4.1.60.Final.jar;C:\Users\satya\.m2\repository\io\netty\netty-handler-proxy\4.1.60.Final\netty-handler-proxy-4.1.60.Final.jar;C:\Users\satya\.m2\repository\io\netty\netty-transport-native-epoll\4.1.60.Final\netty-transport-native-epoll-4.1.60.Final-linux-x86_64.jar;C:\Users\satya\.m2\repository\io\netty\netty-transport-native-kqueue\4.1.60.Final\netty-transport-native-kqueue-4.1.60.Final-osx-x86_64.jar;C:\Users\satya\.m2\repository\com\typesafe\netty\netty-reactive-streams\2.0.4\netty-reactive-streams-2.0.4.jar;C:\Users\satya\.m2\repository\com\sun\activation\jakarta.activation\1.2.2\jakarta.activation-1.2.2.jar;C:\Users\satya\.m2\repository\org\seleniumhq\selenium\selenium-safari-driver\4.11.0\selenium-safari-driver-4.11.0.jar;C:\Users\satya\.m2\repository\org\seleniumhq\selenium\selenium-support\4.11.0\selenium-support-4.11.0.jar;C:\Users\satya\.m2\repository\org\testng\testng\7.9.0\testng-7.9.0.jar;C:\Users\satya\.m2\repository\org\slf4j\slf4j-api\1.7.36\slf4j-api-1.7.36.jar;C:\Users\satya\.m2\repository\com\beust\jcommander\1.82\jcommander-1.82.jar;C:\Users\satya\.m2\repository\org\webjars\jquery\3.7.1\jquery-3.7.1.jar;C:\Users\satya\.m2\repository\io\github\bonigarcia\webdrivermanager\5.5.3\webdrivermanager-5.5.3.jar;C:\Users\satya\.m2\repository\com\google\code\gson\gson\2.10.1\gson-2.10.1.jar;C:\Users\satya\.m2\repository\com\github\docker-java\docker-java\3.3.3\docker-java-3.3.3.jar;C:\Users\satya\.m2\repository\com\github\docker-java\docker-java-core\3.3.3\docker-java-core-3.3.3.jar;C:\Users\satya\.m2\repository\com\github\docker-java\docker-java-api\3.3.3\docker-java-api-3.3.3.jar;C:\Users\satya\.m2\repository\org\bouncycastle\bcpkix-jdk18on\1.75\bcpkix-jdk18on-1.75.jar;C:\Users\satya\.m2\repository\org\bouncycastle\bcprov-jdk18on\1.75\bcprov-jdk18on-1.75.jar;C:\Users\satya\.m2\repository\org\bouncycastle\bcutil-jdk18on\1.75\bcutil-jdk18on-1.75.jar;C:\Users\satya\.m2\repository\org\slf4j\jcl-over-slf4j\1.7.30\jcl-over-slf4j-1.7.30.jar;C:\Users\satya\.m2\repository\com\github\docker-java\docker-java-transport-httpclient5\3.3.3\docker-java-transport-httpclient5-3.3.3.jar;C:\Users\satya\.m2\repository\com\github\docker-java\docker-java-transport\3.3.3\docker-java-transport-3.3.3.jar;C:\Users\satya\.m2\repository\net\java\dev\jna\jna\5.12.1\jna-5.12.1.jar;C:\Users\satya\.m2\repository\org\brotli\dec\0.1.2\dec-0.1.2.jar;C:\Users\satya\.m2\repository\org\apache\commons\commons-lang3\3.13.0\commons-lang3-3.13.0.jar;C:\Users\satya\.m2\repository\org\apache\httpcomponents\client5\httpclient5\5.2.1\httpclient5-5.2.1.jar;C:\Users\satya\.m2\repository\org\apache\httpcomponents\core5\httpcore5\5.2\httpcore5-5.2.jar;C:\Users\satya\.m2\repository\org\apache\httpcomponents\core5\httpcore5-h2\5.2\httpcore5-h2-5.2.jar;C:\Users\satya\.m2\repository\com\fasterxml\jackson\core\jackson-databind\2.15.2\jackson-databind-2.15.2.jar;C:\Users\satya\.m2\repository\com\fasterxml\jackson\core\jackson-annotations\2.15.2\jackson-annotations-2.15.2.jar;C:\Users\satya\.m2\repository\com\fasterxml\jackson\core\jackson-core\2.15.2\jackson-core-2.15.2.jar;C:\Users\satya\.m2\repository\com\aventstack\extentreports\5.1.1\extentreports-5.1.1.jar;C:\Users\satya\.m2\repository\io\reactivex\rxjava3\rxjava\3.1.6\rxjava-3.1.6.jar;C:\Users\satya\.m2\repository\org\reactivestreams\reactive-streams\1.0.4\reactive-streams-1.0.4.jar;C:\Users\satya\.m2\repository\org\freemarker\freemarker\2.3.32\freemarker-2.3.32.jar;C:\Users\satya\.m2\repository\org\projectlombok\lombok\1.18.26\lombok-1.18.26.jar;C:\Users\satya\.m2\repository\io\cucumber\cucumber-java\7.20.1\cucumber-java-7.20.1.jar;C:\Users\satya\.m2\repository\io\cucumber\cucumber-core\7.20.1\cucumber-core-7.20.1.jar;C:\Users\satya\.m2\repository\io\cucumber\cucumber-gherkin\7.20.1\cucumber-gherkin-7.20.1.jar;C:\Users\satya\.m2\repository\io\cucumber\cucumber-gherkin-messages\7.20.1\cucumber-gherkin-messages-7.20.1.jar;C:\Users\satya\.m2\repository\io\cucumber\gherkin\28.0.0\gherkin-28.0.0.jar;C:\Users\satya\.m2\repository\io\cucumber\messages\24.1.0\messages-24.1.0.jar;C:\Users\satya\.m2\repository\io\cucumber\testng-xml-formatter\0.2.0\testng-xml-formatter-0.2.0.jar;C:\Users\satya\.m2\repository\io\cucumber\query\12.2.0\query-12.2.0.jar;C:\Users\satya\.m2\repository\io\cucumber\tag-expressions\6.1.0\tag-expressions-6.1.0.jar;C:\Users\satya\.m2\repository\io\cucumber\cucumber-expressions\17.1.0\cucumber-expressions-17.1.0.jar;C:\Users\satya\.m2\repository\io\cucumber\datatable\7.20.1\datatable-7.20.1.jar;C:\Users\satya\.m2\repository\io\cucumber\cucumber-plugin\7.20.1\cucumber-plugin-7.20.1.jar;C:\Users\satya\.m2\repository\io\cucumber\docstring\7.20.1\docstring-7.20.1.jar;C:\Users\satya\.m2\repository\io\cucumber\html-formatter\21.7.0\html-formatter-21.7.0.jar;C:\Users\satya\.m2\repository\io\cucumber\junit-xml-formatter\0.5.0\junit-xml-formatter-0.5.0.jar;C:\Users\satya\.m2\repository\io\cucumber\ci-environment\10.0.1\ci-environment-10.0.1.jar;C:\Users\satya\.m2\repository\org\apiguardian\apiguardian-api\1.1.2\apiguardian-api-1.1.2.jar;C:\Users\satya\.m2\repository\junit\junit\4.13.2\junit-4.13.2.jar;C:\Users\satya\.m2\repository\org\hamcrest\hamcrest-core\1.3\hamcrest-core-1.3.jar;C:\Users\satya\.m2\repository\io\cucumber\cucumber-junit\7.20.1\cucumber-junit-7.20.1.jar;C:\Users\satya\.m2\repository\org\apache\poi\poi-ooxml\5.2.5\poi-ooxml-5.2.5.jar;C:\Users\satya\.m2\repository\org\apache\poi\poi-ooxml-lite\5.2.5\poi-ooxml-lite-5.2.5.jar;C:\Users\satya\.m2\repository\org\apache\xmlbeans\xmlbeans\5.2.0\xmlbeans-5.2.0.jar;C:\Users\satya\.m2\repository\org\apache\commons\commons-compress\1.25.0\commons-compress-1.25.0.jar;C:\Users\satya\.m2\repository\commons-io\commons-io\2.15.0\commons-io-2.15.0.jar;C:\Users\satya\.m2\repository\com\github\virtuald\curvesapi\1.08\curvesapi-1.08.jar;C:\Users\satya\.m2\repository\org\apache\logging\log4j\log4j-api\2.21.1\log4j-api-2.21.1.jar;C:\Users\satya\.m2\repository\org\apache\commons\commons-collections4\4.4\commons-collections4-4.4.jar;C:\Users\satya\.m2\repository\org\apache\poi\poi\5.2.5\poi-5.2.5.jar;C:\Users\satya\.m2\repository\commons-codec\commons-codec\1.16.0\commons-codec-1.16.0.jar;C:\Users\satya\.m2\repository\org\apache\commons\commons-math3\3.6.1\commons-math3-3.6.1.jar;C:\Users\satya\.m2\repository\com\zaxxer\SparseBitSet\1.3\SparseBitSet-1.3.jar;"/>
    <property name="sun.cpu.endian" value="little"/>
    <property name="user.home" value="C:\Users\satya"/>
    <property name="user.language" value="en"/>
    <property name="java.specification.vendor" value="Oracle Corporation"/>
    <property name="java.version.date" value="2024-09-17"/>
    <property name="java.home" value="C:\Program Files\Java\jdk-23"/>
    <property name="file.separator" value="\"/>
    <property name="basedir" value="C:\Users\satya\eclipse-workspace\OrangeHRM-Hybrid-TestNG"/>
    <property name="java.vm.compressedOopsMode" value="Zero based"/>
    <property name="line.separator" value="&#10;"/>
    <property name="java.vm.specification.vendor" value="Oracle Corporation"/>
    <property name="java.specification.name" value="Java Platform API Specification"/>
    <property name="surefire.real.class.path" value="C:\Users\satya\AppData\Local\Temp\surefire561751242878145116\surefirebooter-20250510011926571_3.jar"/>
    <property name="user.script" value=""/>
    <property name="sun.management.compiler" value="HotSpot 64-Bit Tiered Compilers"/>
    <property name="java.runtime.version" value="23+37-2369"/>
    <property name="user.name" value="satya"/>
    <property name="stdout.encoding" value="Cp1252"/>
    <property name="path.separator" value=";"/>
    <property name="os.version" value="10.0"/>
    <property name="java.runtime.name" value="Java(TM) SE Runtime Environment"/>
    <property name="file.encoding" value="UTF-8"/>
    <property name="browser" value="firefox"/>
    <property name="java.vm.name" value="Java HotSpot(TM) 64-Bit Server VM"/>
    <property name="localRepository" value="C:\Users\satya\.m2\repository"/>
    <property name="java.vendor.url.bug" value="https://bugreport.java.com/bugreport/"/>
    <property name="java.io.tmpdir" value="C:\Users\satya\AppData\Local\Temp\"/>
    <property name="java.version" value="23"/>
    <property name="user.dir" value="C:\Users\satya\eclipse-workspace\OrangeHRM-Hybrid-TestNG"/>
    <property name="os.arch" value="amd64"/>
    <property name="webdriver.gecko.driver" value="C:\Users\satya\.cache\selenium\geckodriver\win64\0.36.0\geckodriver.exe"/>
    <property name="java.vm.specification.name" value="Java Virtual Machine Specification"/>
    <property name="sun.os.patch.level" value=""/>
    <property name="native.encoding" value="Cp1252"/>
    <property name="java.library.path" value="C:\Program Files\Java\jdk-23\bin;C:\WINDOWS\Sun\Java\bin;C:\WINDOWS\system32;C:\WINDOWS;C:\Users\satya\bin;C:\Program Files\Git\mingw64\bin;C:\Program Files\Git\usr\local\bin;C:\Program Files\Git\usr\bin;C:\Program Files\Git\usr\bin;C:\Program Files\Git\mingw64\bin;C:\Program Files\Git\usr\bin;C:\Users\satya\bin;C:\Users\satya\.p2\pool\plugins\org.eclipse.justj.openjdk.hotspot.jre.full.win32.x86_64_23.0.0.v20240919-1706\jre\bin\server;C:\Users\satya\.p2\pool\plugins\org.eclipse.justj.openjdk.hotspot.jre.full.win32.x86_64_23.0.0.v20240919-1706\jre\bin;C:\Python313\Scripts;C:\Python313;C:\Program Files\Common Files\Oracle\Java\javapath;C:\Windows\system32;C:\Windows;C:\Windows\System32\Wbem;C:\Windows\System32\WindowsPowerShell\v1.0;C:\Windows\System32\OpenSSH;C:\Program Files (x86)\NVIDIA Corporation\PhysX\Common;C:\Program Files\NVIDIA Corporation\NVIDIA NvDLISR;;."/>
    <property name="java.vm.info" value="mixed mode, sharing"/>
    <property name="stderr.encoding" value="Cp1252"/>
    <property name="java.vendor" value="Oracle Corporation"/>
    <property name="java.vm.version" value="23+37-2369"/>
    <property name="sun.io.unicode.encoding" value="UnicodeLittle"/>
    <property name="java.class.version" value="67.0"/>
  </properties>
  <testcase name="pageScrolling" classname="Tests.DashboardPageTests" time="0.0">
    <skipped message="Unable to locate element: //p[text()=&apos;My Actions&apos;]&#10;For documentation on this error, please visit: https://www.selenium.dev/documentation/webdriver/troubleshooting/errors#no-such-element-exception&#10;Build info: version: &apos;4.11.0&apos;, revision: &apos;040bc5406b&apos;&#10;System info: os.name: &apos;Windows 11&apos;, os.arch: &apos;amd64&apos;, os.version: &apos;10.0&apos;, java.version: &apos;23&apos;&#10;Driver info: org.openqa.selenium.firefox.FirefoxDriver&#10;Command: [bccbe242-3a22-402b-95e5-5f4b819aea39, findElement {using=xpath, value=//p[text()=&apos;My Actions&apos;]}]&#10;Capabilities {acceptInsecureCerts: true, browserName: firefox, browserVersion: 138.0.1, moz:accessibilityChecks: false, moz:buildID: 20250430203103, moz:geckodriverVersion: 0.36.0, moz:headless: false, moz:platformVersion: 10.0, moz:processID: 22696, moz:profile: C:\Users\satya\AppData\Loca..., moz:shutdownTimeout: 60000, moz:webdriverClick: true, moz:windowless: false, pageLoadStrategy: normal, platformName: windows, proxy: Proxy(), setWindowRect: true, strictFileInteractability: false, timeouts: {implicit: 0, pageLoad: 300000, script: 30000}, unhandledPromptBehavior: dismiss and notify, userAgent: Mozilla/5.0 (Windows NT 10....}&#10;Session ID: bccbe242-3a22-402b-95e5-5f4b819aea39"/>
    <system-out><![CDATA[Retry Case 2: pageScrolling
]]></system-out>
    <system-err><![CDATA[SLF4J: Failed to load class "org.slf4j.impl.StaticLoggerBinder".
SLF4J: Defaulting to no-operation (NOP) logger implementation
SLF4J: See http://www.slf4j.org/codes.html#StaticLoggerBinder for further details.
ERROR StatusLogger Log4j2 could not find a logging implementation. Please add log4j-core to the classpath. Using SimpleLogger to log to the console...
]]></system-err>
  </testcase>
  <testcase name="pageScrolling" classname="Tests.DashboardPageTests" time="0.0">
    <skipped message="Unable to locate element: //p[text()=&apos;My Actions&apos;]&#10;For documentation on this error, please visit: https://www.selenium.dev/documentation/webdriver/troubleshooting/errors#no-such-element-exception&#10;Build info: version: &apos;4.11.0&apos;, revision: &apos;040bc5406b&apos;&#10;System info: os.name: &apos;Windows 11&apos;, os.arch: &apos;amd64&apos;, os.version: &apos;10.0&apos;, java.version: &apos;23&apos;&#10;Driver info: org.openqa.selenium.firefox.FirefoxDriver&#10;Command: [9c2161e4-bcc9-4bc0-8237-fc28895b4abe, findElement {using=xpath, value=//p[text()=&apos;My Actions&apos;]}]&#10;Capabilities {acceptInsecureCerts: true, browserName: firefox, browserVersion: 138.0.1, moz:accessibilityChecks: false, moz:buildID: 20250430203103, moz:geckodriverVersion: 0.36.0, moz:headless: false, moz:platformVersion: 10.0, moz:processID: 30508, moz:profile: C:\Users\satya\AppData\Loca..., moz:shutdownTimeout: 60000, moz:webdriverClick: true, moz:windowless: false, pageLoadStrategy: normal, platformName: windows, proxy: Proxy(), setWindowRect: true, strictFileInteractability: false, timeouts: {implicit: 0, pageLoad: 300000, script: 30000}, unhandledPromptBehavior: dismiss and notify, userAgent: Mozilla/5.0 (Windows NT 10....}&#10;Session ID: 9c2161e4-bcc9-4bc0-8237-fc28895b4abe"/>
    <system-out><![CDATA[Retry Case 3: pageScrolling
]]></system-out>
  </testcase>
  <testcase name="pageScrolling" classname="Tests.DashboardPageTests" time="16.311">
    <failure message="Unable to locate element: //p[text()=&apos;My Actions&apos;]&#10;For documentation on this error, please visit: https://www.selenium.dev/documentation/webdriver/troubleshooting/errors#no-such-element-exception&#10;Build info: version: &apos;4.11.0&apos;, revision: &apos;040bc5406b&apos;&#10;System info: os.name: &apos;Windows 11&apos;, os.arch: &apos;amd64&apos;, os.version: &apos;10.0&apos;, java.version: &apos;23&apos;&#10;Driver info: org.openqa.selenium.firefox.FirefoxDriver&#10;Command: [ea95d517-97df-4e8f-bf74-00ab9d739592, findElement {using=xpath, value=//p[text()=&apos;My Actions&apos;]}]&#10;Capabilities {acceptInsecureCerts: true, browserName: firefox, browserVersion: 138.0.1, moz:accessibilityChecks: false, moz:buildID: 20250430203103, moz:geckodriverVersion: 0.36.0, moz:headless: false, moz:platformVersion: 10.0, moz:processID: 7880, moz:profile: C:\Users\satya\AppData\Loca..., moz:shutdownTimeout: 60000, moz:webdriverClick: true, moz:windowless: false, pageLoadStrategy: normal, platformName: windows, proxy: Proxy(), setWindowRect: true, strictFileInteractability: false, timeouts: {implicit: 0, pageLoad: 300000, script: 30000}, unhandledPromptBehavior: dismiss and notify, userAgent: Mozilla/5.0 (Windows NT 10....}&#10;Session ID: ea95d517-97df-4e8f-bf74-00ab9d739592" type="org.openqa.selenium.NoSuchElementException"><![CDATA[org.openqa.selenium.NoSuchElementException: 
Unable to locate element: //p[text()='My Actions']
For documentation on this error, please visit: https://www.selenium.dev/documentation/webdriver/troubleshooting/errors#no-such-element-exception
Build info: version: '4.11.0', revision: '040bc5406b'
System info: os.name: 'Windows 11', os.arch: 'amd64', os.version: '10.0', java.version: '23'
Driver info: org.openqa.selenium.firefox.FirefoxDriver
Command: [ea95d517-97df-4e8f-bf74-00ab9d739592, findElement {using=xpath, value=//p[text()='My Actions']}]
Capabilities {acceptInsecureCerts: true, browserName: firefox, browserVersion: 138.0.1, moz:accessibilityChecks: false, moz:buildID: 20250430203103, moz:geckodriverVersion: 0.36.0, moz:headless: false, moz:platformVersion: 10.0, moz:processID: 7880, moz:profile: C:\Users\satya\AppData\Loca..., moz:shutdownTimeout: 60000, moz:webdriverClick: true, moz:windowless: false, pageLoadStrategy: normal, platformName: windows, proxy: Proxy(), setWindowRect: true, strictFileInteractability: false, timeouts: {implicit: 0, pageLoad: 300000, script: 30000}, unhandledPromptBehavior: dismiss and notify, userAgent: Mozilla/5.0 (Windows NT 10....}
Session ID: ea95d517-97df-4e8f-bf74-00ab9d739592
	at java.base/jdk.internal.reflect.DirectConstructorHandleAccessor.newInstance(DirectConstructorHandleAccessor.java:62)
	at java.base/java.lang.reflect.Constructor.newInstanceWithCaller(Constructor.java:501)
	at java.base/java.lang.reflect.Constructor.newInstance(Constructor.java:485)
	at org.openqa.selenium.remote.codec.w3c.W3CHttpResponseCodec.createException(W3CHttpResponseCodec.java:200)
	at org.openqa.selenium.remote.codec.w3c.W3CHttpResponseCodec.decode(W3CHttpResponseCodec.java:133)
	at org.openqa.selenium.remote.codec.w3c.W3CHttpResponseCodec.decode(W3CHttpResponseCodec.java:52)
	at org.openqa.selenium.remote.HttpCommandExecutor.execute(HttpCommandExecutor.java:191)
	at org.openqa.selenium.remote.service.DriverCommandExecutor.invokeExecute(DriverCommandExecutor.java:196)
	at org.openqa.selenium.remote.service.DriverCommandExecutor.execute(DriverCommandExecutor.java:171)
	at org.openqa.selenium.remote.RemoteWebDriver.execute(RemoteWebDriver.java:518)
	at org.openqa.selenium.remote.ElementLocation$ElementFinder$2.findElement(ElementLocation.java:165)
	at org.openqa.selenium.remote.ElementLocation.findElement(ElementLocation.java:59)
	at org.openqa.selenium.remote.RemoteWebDriver.findElement(RemoteWebDriver.java:355)
	at org.openqa.selenium.remote.RemoteWebDriver.findElement(RemoteWebDriver.java:349)
	at org.openqa.selenium.support.pagefactory.DefaultElementLocator.findElement(DefaultElementLocator.java:68)
	at org.openqa.selenium.support.pagefactory.internal.LocatingElementHandler.invoke(LocatingElementHandler.java:38)
	at jdk.proxy2/jdk.proxy2.$Proxy16.getWrappedElement(Unknown Source)
	at org.openqa.selenium.remote.internal.WebElementToJsonConverter.apply(WebElementToJsonConverter.java:51)
	at java.base/java.util.stream.ReferencePipeline$3$1.accept(ReferencePipeline.java:215)
	at java.base/java.util.Spliterators$ArraySpliterator.forEachRemaining(Spliterators.java:1024)
	at java.base/java.util.stream.AbstractPipeline.copyInto(AbstractPipeline.java:570)
	at java.base/java.util.stream.AbstractPipeline.wrapAndCopyInto(AbstractPipeline.java:560)
	at java.base/java.util.stream.ReduceOps$ReduceOp.evaluateSequential(ReduceOps.java:921)
	at java.base/java.util.stream.AbstractPipeline.evaluate(AbstractPipeline.java:265)
	at java.base/java.util.stream.ReferencePipeline.collect(ReferencePipeline.java:727)
	at org.openqa.selenium.remote.RemoteWebDriver.executeScript(RemoteWebDriver.java:461)
	at AbstractClass.AbstractMethods.scrollToElement(AbstractMethods.java:46)
	at pageObject.DashboardPage.dashboardPageScroll(DashboardPage.java:38)
	at Tests.DashboardPageTests.pageScrolling(DashboardPageTests.java:18)
	at java.base/jdk.internal.reflect.DirectMethodHandleAccessor.invoke(DirectMethodHandleAccessor.java:103)
	at java.base/java.lang.reflect.Method.invoke(Method.java:580)
	at org.testng.internal.invokers.MethodInvocationHelper.invokeMethod(MethodInvocationHelper.java:139)
	at org.testng.internal.invokers.TestInvoker.invokeMethod(TestInvoker.java:664)
	at org.testng.internal.invokers.TestInvoker.retryFailed(TestInvoker.java:249)
	at org.testng.internal.invokers.MethodRunner.runInSequence(MethodRunner.java:76)
	at org.testng.internal.invokers.TestInvoker$MethodInvocationAgent.invoke(TestInvoker.java:961)
	at org.testng.internal.invokers.TestInvoker.invokeTestMethods(TestInvoker.java:201)
	at org.testng.internal.invokers.TestMethodWorker.invokeTestMethods(TestMethodWorker.java:148)
	at org.testng.internal.invokers.TestMethodWorker.run(TestMethodWorker.java:128)
	at java.base/java.util.ArrayList.forEach(ArrayList.java:1597)
	at org.testng.TestRunner.privateRun(TestRunner.java:819)
	at org.testng.TestRunner.run(TestRunner.java:619)
	at org.testng.SuiteRunner.runTest(SuiteRunner.java:443)
	at org.testng.SuiteRunner.runSequentially(SuiteRunner.java:437)
	at org.testng.SuiteRunner.privateRun(SuiteRunner.java:397)
	at org.testng.SuiteRunner.run(SuiteRunner.java:336)
	at org.testng.SuiteRunnerWorker.runSuite(SuiteRunnerWorker.java:52)
	at org.testng.SuiteRunnerWorker.run(SuiteRunnerWorker.java:95)
	at org.testng.TestNG.runSuitesSequentially(TestNG.java:1301)
	at org.testng.TestNG.runSuitesLocally(TestNG.java:1228)
	at org.testng.TestNG.runSuites(TestNG.java:1134)
	at org.testng.TestNG.run(TestNG.java:1101)
	at org.apache.maven.surefire.testng.TestNGExecutor.run(TestNGExecutor.java:308)
	at org.apache.maven.surefire.testng.TestNGXmlTestSuite.execute(TestNGXmlTestSuite.java:71)
	at org.apache.maven.surefire.testng.TestNGProvider.invoke(TestNGProvider.java:113)
	at org.apache.maven.surefire.booter.ForkedBooter.runSuitesInProcess(ForkedBooter.java:385)
	at org.apache.maven.surefire.booter.ForkedBooter.execute(ForkedBooter.java:162)
	at org.apache.maven.surefire.booter.ForkedBooter.run(ForkedBooter.java:507)
	at org.apache.maven.surefire.booter.ForkedBooter.main(ForkedBooter.java:495)
]]></failure>
  </testcase>
</testsuite>