<?xml version="1.0" encoding="UTF-8"?>
<!-- Generated by org.testng.reporters.JUnitReportReporter -->
<testsuite hostname="SatyaSahoo" failures="0" tests="1" name="Tests.UserDropdownTab" time="15.853" errors="0" timestamp="2025-03-10T00:50:51 IST" skipped="0">
  <testcase classname="Tests.UserDropdownTab" name="userDropdownSupportElementValidation" time="15.853"/>
  <system-out/>
</testsuite> <!-- Tests.UserDropdownTab -->
