<?xml version="1.0" encoding="UTF-8"?>
<!-- Generated by org.testng.reporters.JUnitReportReporter -->
<testsuite hostname="SatyaSahoo" failures="0" tests="2" name="cucumberOptions.TestRunner" time="13.246" errors="0" timestamp="2025-02-26T19:19:36 IST" skipped="0">
  <testcase classname="cucumberOptions.TestRunner" name="runScenario" time="6.190"/>
  <system-out/>
  <testcase classname="cucumberOptions.TestRunner" name="runScenario" time="7.056"/>
  <system-out/>
</testsuite> <!-- cucumberOptions.TestRunner -->
