<?xml version="1.0" encoding="UTF-8"?>
<!-- Generated by org.testng.reporters.JUnitReportReporter -->
<testsuite hostname="SatyaSahoo" failures="0" tests="2" name="Tests.LoginPageTests" time="26.814" errors="0" timestamp="2025-03-10T00:43:42 IST" skipped="0">
  <testcase classname="Tests.LoginPageTests" name="loginValidationInvalid" time="14.026"/>
  <system-out/>
  <testcase classname="Tests.LoginPageTests" name="loginValidationInvalid" time="12.788"/>
  <system-out/>
</testsuite> <!-- Tests.LoginPageTests -->
