<?xml version="1.0" encoding="UTF-8"?>
<!-- Generated by org.testng.reporters.JUnitReportReporter -->
<testsuite hostname="SatyaSahoo" failures="0" tests="1" name="Tests.DashboardPageTests" time="17.916" errors="0" timestamp="2025-03-10T00:30:42 IST" skipped="0">
  <testcase classname="Tests.DashboardPageTests" name="userDropdownSupportElementValidation" time="17.916"/>
  <system-out/>
</testsuite> <!-- Tests.DashboardPageTests -->
