<?xml version="1.0" encoding="UTF-8"?>
<!-- Generated by org.testng.reporters.JUnitReportReporter -->
<testsuite hostname="SatyaSahoo" failures="0" tests="2" name="Tests.LoginPageTests" time="24.019" errors="0" timestamp="2025-05-06T00:53:39 IST" skipped="0">
  <testcase classname="Tests.LoginPageTests" name="loginValidationValid" time="10.318"/>
  <testcase classname="Tests.LoginPageTests" name="loginValidationValid" time="13.701"/>
</testsuite> <!-- Tests.LoginPageTests -->
