<?xml version="1.0" encoding="UTF-8"?>
<!-- Generated by org.testng.reporters.JUnitReportReporter -->
<testsuite hostname="SatyaSahoo" failures="0" tests="1" name="Tests.UserDropdownTests" time="14.386" errors="0" timestamp="2025-05-05T01:07:19 IST" skipped="0">
  <testcase classname="Tests.UserDropdownTests" name="UserDropdownListValidation" time="14.386"/>
</testsuite> <!-- Tests.UserDropdownTests -->
