<?xml version="1.0" encoding="UTF-8"?>
<!-- Generated by org.testng.reporters.JUnitReportReporter -->
<testsuite hostname="SatyaSahoo" failures="0" tests="1" name="Tests.DashboardPageTests" time="39.785" errors="0" timestamp="2025-05-17T01:19:24 IST" skipped="0">
  <testcase classname="Tests.DashboardPageTests" name="pageScrolling" time="39.785"/>
</testsuite> <!-- Tests.DashboardPageTests -->
